#
# There is insufficient memory for the Java Runtime Environment to continue.
# Native memory allocation (malloc) failed to allocate 1048576 bytes for AllocateHeap
# Possible reasons:
#   The system is out of physical RAM or swap space
#   The process is running with CompressedOops enabled, and the Java Heap may be blocking the growth of the native heap
# Possible solutions:
#   Reduce memory load on the system
#   Increase physical memory or swap space
#   Check if swap backing store is full
#   Decrease Java heap size (-Xmx/-Xms)
#   Decrease number of Java threads
#   Decrease Java thread stack sizes (-Xss)
#   Set larger code cache with -XX:ReservedCodeCacheSize=
#   JVM is running with Unscaled Compressed Oops mode in which the Java heap is
#     placed in the first 4GB address space. The Java Heap base address is the
#     maximum limit for the native heap growth. Please use -XX:HeapBaseMinAddress
#     to set the Java Heap base and to place the Java Heap above 4GB virtual address.
# This output file may be truncated or incomplete.
#
#  Out of Memory Error (memory/allocation.inline.hpp:61), pid=34940, tid=0x000000000000aa74
#
# JRE version:  (8.0_292-b10) (build )
# Java VM: OpenJDK 64-Bit Server VM (25.292-b10 mixed mode windows-amd64 compressed oops)
# Failed to write core dump. Minidumps are not enabled by default on client versions of Windows
#

---------------  T H R E A D  ---------------

Current thread (0x0000012a2f7d2000):  JavaThread "Unknown thread" [_thread_in_vm, id=43636, stack(0x0000001142300000,0x0000001142400000)]

Stack: [0x0000001142300000,0x0000001142400000]
[error occurred during error reporting (printing stack bounds), id 0xc0000005]

Native frames: (J=compiled Java code, j=interpreted, Vv=VM code, C=native code)


---------------  P R O C E S S  ---------------

Java Threads: ( => current thread )

Other Threads:

=>0x0000012a2f7d2000 (exited) JavaThread "Unknown thread" [_thread_in_vm, id=43636, stack(0x0000001142300000,0x0000001142400000)]

VM state:not at safepoint (normal execution)

VM Mutex/Monitor currently owned by a thread: None

heap address: 0x0000000083c00000, size: 1988 MB, Compressed Oops mode: 32-bit
Narrow klass base: 0x0000000000000000, Narrow klass shift: 3
Compressed class space size: 1073741824 Address: 0x0000000100000000

Heap:
 PSYoungGen      total 37888K, used 655K [0x00000000d6980000, 0x00000000d9380000, 0x0000000100000000)
  eden space 32768K, 2% used [0x00000000d6980000,0x00000000d6a23d80,0x00000000d8980000)
  from space 5120K, 0% used [0x00000000d8e80000,0x00000000d8e80000,0x00000000d9380000)
  to   space 5120K, 0% used [0x00000000d8980000,0x00000000d8980000,0x00000000d8e80000)
 ParOldGen       total 86016K, used 0K [0x0000000083c00000, 0x0000000089000000, 0x00000000d6980000)
  object space 86016K, 0% used [0x0000000083c00000,0x0000000083c00000,0x0000000089000000)
 Metaspace       used 781K, capacity 4480K, committed 4480K, reserved 1056768K
  class space    used 76K, capacity 384K, committed 384K, reserved 1048576K

Card table byte_map: [0x0000012a408d0000,0x0000012a40cc0000] byte_map_base: 0x0000012a404b2000

Marking Bits: (ParMarkBitMap*) 0x0000000055e1f7f0
 Begin Bits: [0x0000012a40f60000, 0x0000012a42e70000)
 End Bits:   [0x0000012a42e70000, 0x0000012a44d80000)

Polling page: 0x0000012a2f750000

CodeCache: size=245760Kb used=328Kb max_used=328Kb free=245431Kb
 bounds [0x0000012a31510000, 0x0000012a31780000, 0x0000012a40510000]
 total_blobs=57 nmethods=0 adapters=38
 compilation: enabled

Compilation events (0 events):
No events

GC Heap History (0 events):
No events

Deoptimization events (0 events):
No events

Classes redefined (0 events):
No events

Internal exceptions (0 events):
No events

Events (10 events):
Event: 0.083 loading class java/lang/Short
Event: 0.083 loading class java/lang/Short done
Event: 0.083 loading class java/lang/Integer
Event: 0.084 loading class java/lang/Integer done
Event: 0.084 loading class java/lang/Long
Event: 0.084 loading class java/lang/Long done
Event: 0.086 loading class java/lang/NullPointerException
Event: 0.086 loading class java/lang/NullPointerException done
Event: 0.086 loading class java/lang/ArithmeticException
Event: 0.086 loading class java/lang/ArithmeticException done


Dynamic libraries:
0x00007ff75e5d0000 - 0x00007ff75e60a000 	C:\Users\86187\.jdks\corretto-1.8.0_292-1\bin\java.exe
0x00007ffde57d0000 - 0x00007ffde59c5000 	C:\WINDOWS\SYSTEM32\ntdll.dll
0x00007ffde3b00000 - 0x00007ffde3bbe000 	C:\WINDOWS\System32\KERNEL32.DLL
0x00007ffde3430000 - 0x00007ffde36f8000 	C:\WINDOWS\System32\KERNELBASE.dll
0x00007ffde50a0000 - 0x00007ffde514e000 	C:\WINDOWS\System32\ADVAPI32.dll
0x00007ffde39c0000 - 0x00007ffde3a5e000 	C:\WINDOWS\System32\msvcrt.dll
0x00007ffde3a60000 - 0x00007ffde3afc000 	C:\WINDOWS\System32\sechost.dll
0x00007ffde4e90000 - 0x00007ffde4fb5000 	C:\WINDOWS\System32\RPCRT4.dll
0x00007ffde55f0000 - 0x00007ffde5790000 	C:\WINDOWS\System32\USER32.dll
0x00007ffde32a0000 - 0x00007ffde32c2000 	C:\WINDOWS\System32\win32u.dll
0x00007ffde55c0000 - 0x00007ffde55ea000 	C:\WINDOWS\System32\GDI32.dll
0x00007ffde2ef0000 - 0x00007ffde2ffb000 	C:\WINDOWS\System32\gdi32full.dll
0x00007ffde3790000 - 0x00007ffde382d000 	C:\WINDOWS\System32\msvcp_win.dll
0x00007ffde3080000 - 0x00007ffde3180000 	C:\WINDOWS\System32\ucrtbase.dll
0x00007ffdc6d90000 - 0x00007ffdc702a000 	C:\WINDOWS\WinSxS\amd64_microsoft.windows.common-controls_6595b64144ccf1df_6.0.19041.1110_none_60b5254171f9507e\COMCTL32.dll
0x00007ffde45b0000 - 0x00007ffde45e0000 	C:\WINDOWS\System32\IMM32.DLL
0x00000000567f0000 - 0x00000000567fc000 	C:\Program Files (x86)\360\360Safe\safemon\SafeWrapper.dll
0x00007ffdca100000 - 0x00007ffdca1a1000 	C:\Program Files (x86)\360\360Safe\safemon\libzdtp64.dll
0x00007ffde4740000 - 0x00007ffde4e84000 	C:\WINDOWS\System32\SHELL32.dll
0x00007ffde3fd0000 - 0x00007ffde4025000 	C:\WINDOWS\System32\SHLWAPI.dll
0x00007ffde2c40000 - 0x00007ffde2c4a000 	C:\WINDOWS\SYSTEM32\VERSION.dll
0x00007ffdb97d0000 - 0x00007ffdb98bf000 	C:\Users\86187\.jdks\corretto-1.8.0_292-1\jre\bin\msvcr120.dll
0x00007ffdbfb90000 - 0x00007ffdbfc36000 	C:\Users\86187\.jdks\corretto-1.8.0_292-1\jre\bin\msvcp120.dll
0x0000000055630000 - 0x0000000055e9e000 	C:\Users\86187\.jdks\corretto-1.8.0_292-1\jre\bin\server\jvm.dll
0x00007ffde45f0000 - 0x00007ffde45f8000 	C:\WINDOWS\System32\PSAPI.DLL
0x00007ffdca5b0000 - 0x00007ffdca5b9000 	C:\WINDOWS\SYSTEM32\WSOCK32.dll
0x00007ffde4540000 - 0x00007ffde45ab000 	C:\WINDOWS\System32\WS2_32.dll
0x00007ffdc83f0000 - 0x00007ffdc8417000 	C:\WINDOWS\SYSTEM32\WINMM.dll
0x00007ffdd91c0000 - 0x00007ffdd91cf000 	C:\Users\86187\.jdks\corretto-1.8.0_292-1\jre\bin\verify.dll
0x00007ffdd8f40000 - 0x00007ffdd8f69000 	C:\Users\86187\.jdks\corretto-1.8.0_292-1\jre\bin\java.dll
0x00007ffdcae70000 - 0x00007ffdcae9a000 	C:\Users\86187\.jdks\corretto-1.8.0_292-1\jre\bin\instrument.dll
0x00007ffdc9500000 - 0x00007ffdc9516000 	C:\Users\86187\.jdks\corretto-1.8.0_292-1\jre\bin\zip.dll

VM Arguments:
jvm_args: -ea -Didea.test.cyclic.buffer.size=1048576 -javaagent:D:\Program Files\JetBrains\IntelliJ IDEA 2020.3\lib\idea_rt.jar=62069:D:\Program Files\JetBrains\IntelliJ IDEA 2020.3\bin -Dfile.encoding=UTF-8 
java_command: com.intellij.rt.junit.JUnitStarter -ideVersion5 -junit4 com.capensis.annation.AnnotationTest,test
java_class_path (initial): D:\Program Files\JetBrains\IntelliJ IDEA 2020.3\lib\idea_rt.jar;D:\Program Files\JetBrains\IntelliJ IDEA 2020.3\plugins\junit\lib\junit5-rt.jar;D:\Program Files\JetBrains\IntelliJ IDEA 2020.3\plugins\junit\lib\junit-rt.jar;C:\Users\86187\.jdks\corretto-1.8.0_292-1\jre\lib\charsets.jar;C:\Users\86187\.jdks\corretto-1.8.0_292-1\jre\lib\ext\access-bridge-64.jar;C:\Users\86187\.jdks\corretto-1.8.0_292-1\jre\lib\ext\cldrdata.jar;C:\Users\86187\.jdks\corretto-1.8.0_292-1\jre\lib\ext\dnsns.jar;C:\Users\86187\.jdks\corretto-1.8.0_292-1\jre\lib\ext\jaccess.jar;C:\Users\86187\.jdks\corretto-1.8.0_292-1\jre\lib\ext\jfxrt.jar;C:\Users\86187\.jdks\corretto-1.8.0_292-1\jre\lib\ext\localedata.jar;C:\Users\86187\.jdks\corretto-1.8.0_292-1\jre\lib\ext\nashorn.jar;C:\Users\86187\.jdks\corretto-1.8.0_292-1\jre\lib\ext\sunec.jar;C:\Users\86187\.jdks\corretto-1.8.0_292-1\jre\lib\ext\sunjce_provider.jar;C:\Users\86187\.jdks\corretto-1.8.0_292-1\jre\lib\ext\sunmscapi.jar;C:\Users\86187\.jdks\corretto-1.8.0_292-1\jre\lib\ext\sunpkcs11.jar;C:\Users\86187\.jdks\corretto-1.8.0_292-1\jre\lib\ext\zipfs.jar;C:\Users\86187\.jdks\corretto-1.8.0_292-1\jre\lib\jce.jar;C:\Users\86187\.jdks\corretto-1.8.0_292-1\jre\lib\jfr.jar;C:\Users\86187\.jdks\corretto-1.8.0_292-1\jre\lib\jfxswt.jar;C:\Users\86187\.jdks\corretto-1.8.0_292-1\jre\lib\jsse.jar;C:\Users\86187\.jdks\corretto-1.8.0_292-1\jre\lib\management-agent.jar;C:\Users\86187\.jdks\corretto-1.8.0_292-1\jre\lib\mysql-connector-java-5.0.8-bin.jar;C:\Users\86187\.jdks\corretto-1.8.0_292-1\jre\lib\resources.jar;C:\Users\86187\.jdks\corretto-1.8.0_292-1\jre\lib\rt.jar;E:\IDEAProject\test\spring5\target\test-classes;E:\IDEAProject\test\spring5\target\classes;C:\Users\86187\.m2\repository\org\springframework\spring-beans\5.2.8.RELEASE\spring-beans-5.2.8.RELEASE.jar;C:\Users\86187\.m2\repository\org\springframework\spring-context\5.2.8.RELEASE\spring-context-5.2.8.RELEASE.jar;C:\Users\86187\.m2\repository\org\springframework\sp
Launcher Type: SUN_STANDARD

Environment Variables:
JAVA_HOME=D:\Java\jdk1.8.0_212
CLASSPATH=E:\java_ee_sdk-6\glassfish3\glassfish\lib\javaee.jar
USERNAME=capensis
OS=Windows_NT
PROCESSOR_IDENTIFIER=Intel64 Family 6 Model 142 Stepping 12, GenuineIntel



---------------  S Y S T E M  ---------------

OS: Windows 10.0 , 64 bit Build 19041 (10.0.19041.1645)

CPU:total 8 (initial active 8) (4 cores per cpu, 2 threads per core) family 6 model 142 stepping 12, cmov, cx8, fxsr, mmx, sse, sse2, sse3, ssse3, sse4.1, sse4.2, popcnt, avx, avx2, aes, clmul, erms, 3dnowpref, lzcnt, ht, tsc, tscinvbit, bmi1, bmi2, adx

Memory: 4k page, physical 8137556k(453600k free), swap 27862352k(5148k free)

vm_info: OpenJDK 64-Bit Server VM (25.292-b10) for windows-amd64 JRE (1.8.0_292-b10), built on Apr 14 2021 23:06:53 by "Administrator" with MS VC++ 12.0 (VS2013)

time: Sun Feb 19 12:08:47 2023
timezone: ?D1¨²¡À¨º¡Á?¨º¡À??
elapsed time: 0.113499 seconds (0d 0h 0m 0s)

